<?xml version="1.0" encoding="UTF-8"?>
<!-- Generated by org.testng.reporters.JUnitReportReporter -->
<testsuite hostname="Medge326" failures="0" tests="1" name="com.mindtree.runner.HomePageTestCase" time="4.425" errors="0" timestamp="2022-06-30T11:33:48 GMT+05:30" skipped="0">
  <testcase classname="com.mindtree.runner.HomePageTestCase" name="test1" time="4.425"/>
  <system-out/>
</testsuite> <!-- com.mindtree.runner.HomePageTestCase -->
