<?xml version="1.0" encoding="UTF-8"?>
<!-- Generated by org.testng.reporters.JUnitReportReporter -->
<testsuite hostname="Medge326" failures="0" tests="1" name="com.mindtree.runner.TestCase1" time="0.000" errors="0" timestamp="2022-06-29T18:10:40 GMT+05:30" skipped="1">
  <testcase classname="com.mindtree.runner.TestCase1" name="searchFunctionality" time="0.000">
    <skipped/>
  </testcase> <!-- searchFunctionality -->
  <system-out/>
</testsuite> <!-- com.mindtree.runner.TestCase1 -->
