<?xml version="1.0" encoding="UTF-8"?>
<!-- Generated by org.testng.reporters.JUnitReportReporter -->
<testsuite hostname="Medge326" failures="0" tests="2" name="com.mindtree.runner.Runner" time="11.550" errors="0" timestamp="2022-07-04T13:47:41 GMT+05:30" skipped="0">
  <testcase classname="com.mindtree.runner.Runner" name="test2" time="7.349"/>
  <system-out/>
  <testcase classname="com.mindtree.runner.Runner" name="test1" time="4.201"/>
  <system-out/>
</testsuite> <!-- com.mindtree.runner.Runner -->
